[2025-07-10 15:17:06] [INFO]:
Spectator UUID: a1c42bca-093f-3a0e-8e53-563fd4f58c84
Spectator Name: Steve_Official
Taken         : [DIAMOND_PICKAXE & UNSPECIFIC_META:{meta-type=UNSPECIFIC, enchants={minecraft:efficiency=5, minecraft:fortune=3, minecraft:mending=1, minecraft:unbreaking=3}, Damage=458} x 1]
Given         : []
Target        : Dick_Girl
[2025-07-10 15:19:35] [INFO]:
Spectator UUID: a1c42bca-093f-3a0e-8e53-563fd4f58c84
Spectator Name: Steve_Official
Taken         : [DIAMOND_PICKAXE & UNSPECIFIC_META:{meta-type=UNSPECIFIC, enchants={minecraft:unbreaking=3, minecraft:mending=1, minecraft:fortune=3, minecraft:efficiency=5}, Damage=221} x 1]
Given         : []
Target        : X1AOX1E
[2025-07-10 15:23:39] [INFO]:
Spectator UUID: a1c42bca-093f-3a0e-8e53-563fd4f58c84
Spectator Name: Steve_Official
Taken         : [DIAMOND x 279]
Given         : []
Target        : X1AOX1E
[2025-07-10 15:23:39] [INFO]:
Spectator UUID: a1c42bca-093f-3a0e-8e53-563fd4f58c84
Spectator Name: Steve_Official
Taken         : [DIAMOND x 279]
Given         : []
Target        : X1AOX1E
[2025-07-10 15:23:54] [INFO]:
Spectator UUID: a1c42bca-093f-3a0e-8e53-563fd4f58c84
Spectator Name: Steve_Official
Taken         : [RAW_IRON x 40, NETHERITE_INGOT x 8]
Given         : []
Target        : X1AOX1E
[2025-07-10 15:23:54] [INFO]:
Spectator UUID: a1c42bca-093f-3a0e-8e53-563fd4f58c84
Spectator Name: Steve_Official
Taken         : [RAW_IRON x 40, NETHERITE_INGOT x 8]
Given         : []
Target        : X1AOX1E
[2025-07-10 15:23:54] [INFO]:
Spectator UUID: a1c42bca-093f-3a0e-8e53-563fd4f58c84
Spectator Name: Steve_Official
Taken         : [RAW_IRON x 40, NETHERITE_INGOT x 8]
Given         : []
Target        : X1AOX1E
[2025-07-10 15:24:29] [INFO]:
Spectator UUID: a1c42bca-093f-3a0e-8e53-563fd4f58c84
Spectator Name: Steve_Official
Taken         : []
Given         : [DIAMOND x 279]
Target        : X1AOX1E
[2025-07-10 15:25:49] [INFO]:
Spectator UUID: a1c42bca-093f-3a0e-8e53-563fd4f58c84
Spectator Name: Steve_Official
Taken         : [POTION & POTION_META:{meta-type=POTION, potion-type=minecraft:fire_resistance} x 1]
Given         : []
Target        : X1AOX1E
[2025-07-10 15:28:34] [INFO]:
Spectator UUID: a1c42bca-093f-3a0e-8e53-563fd4f58c84
Spectator Name: Steve_Official
Taken         : [DIAMOND_HELMET & ARMOR_META:{meta-type=ARMOR, enchants={minecraft:unbreaking=3, minecraft:protection=3}, Damage=88} x 1, DIAMOND_CHESTPLATE & ARMOR_META:{meta-type=ARMOR, Damage=157} x 1, DIAMOND_LEGGINGS & ARMOR_META:{meta-type=ARMOR, enchants={minecraft:unbreaking=3, minecraft:protection=3}, repair-cost=3, Damage=121} x 1, DIAMOND_BOOTS & ARMOR_META:{meta-type=ARMOR, Damage=133} x 1, DIAMOND x 335, NETHERITE_UPGRADE_SMITHING_TEMPLATE x 8, STICK x 2, DIAMOND_PICKAXE & UNSPECIFIC_META:{meta-type=UNSPECIFIC, enchants={minecraft:unbreaking=3, minecraft:fortune=3}, Damage=329} x 1, FIRE_CHARGE x 3, SHIELD & SHIELD_META:{meta-type=SHIELD, Damage=37} x 1, BREAD x 97, CRAFTING_TABLE x 1, LAPIS_LAZULI x 56, WATER_BUCKET x 1, TORCH x 40, DIAMOND_SWORD & UNSPECIFIC_META:{meta-type=UNSPECIFIC, enchants={minecraft:unbreaking=3, minecraft:sweeping_edge=3, minecraft:smite=4, minecraft:knockback=2}, Damage=27} x 1, DIAMOND_PICKAXE & UNSPECIFIC_META:{meta-type=UNSPECIFIC, enchants={minecraft:efficiency=4, minecraft:fortune=3, minecraft:unbreaking=3}, Damage=885} x 1, DIAMOND_AXE & UNSPECIFIC_META:{meta-type=UNSPECIFIC, enchants={minecraft:efficiency=4, minecraft:silk_touch=1}, Damage=183} x 1, FLINT x 4]
Given         : [COBBLED_DEEPSLATE x 19]
Target        : X1AOX1E
[2025-07-10 15:30:46] [INFO]:
Spectator UUID: a1c42bca-093f-3a0e-8e53-563fd4f58c84
Spectator Name: Steve_Official
Taken         : []
Given         : [DIAMOND_HELMET & ARMOR_META:{meta-type=ARMOR, enchants={minecraft:unbreaking=3, minecraft:protection=3}, Damage=88} x 1, DIAMOND_CHESTPLATE & ARMOR_META:{meta-type=ARMOR, Damage=157} x 1, DIAMOND_LEGGINGS & ARMOR_META:{meta-type=ARMOR, enchants={minecraft:unbreaking=3, minecraft:protection=3}, repair-cost=3, Damage=121} x 1, DIAMOND_BOOTS & ARMOR_META:{meta-type=ARMOR, Damage=133} x 1, DIAMOND x 32, STICK x 2, CRAFTING_TABLE x 1, BREAD x 64, SHIELD & SHIELD_META:{meta-type=SHIELD, Damage=37} x 1, NETHERITE_UPGRADE_SMITHING_TEMPLATE x 8]
Target        : X1AOX1E
[2025-07-10 17:04:15] [INFO]:
Spectator UUID: a1c42bca-093f-3a0e-8e53-563fd4f58c84
Spectator Name: Steve_Official
Taken         : [ANCIENT_DEBRIS x 2]
Given         : []
Target        : bzym2
[2025-07-10 17:04:46] [INFO]:
Spectator UUID: a1c42bca-093f-3a0e-8e53-563fd4f58c84
Spectator Name: Steve_Official
Taken         : []
Given         : [ANCIENT_DEBRIS x 2]
Target        : bzym2
[2025-07-10 17:13:51] [INFO]:
Spectator UUID: ab47288d-7c46-31f4-bcc5-cf4b16acdf06
Spectator Name: bzym2
Taken         : [GOLD_INGOT x 11]
Given         : []
Target        : 5291
[2025-07-10 17:13:51] [INFO]:
Spectator UUID: ab47288d-7c46-31f4-bcc5-cf4b16acdf06
Spectator Name: bzym2
Taken         : [GOLD_INGOT x 11]
Given         : []
Target        : 5291
[2025-07-10 17:14:07] [INFO]:
Spectator UUID: ab47288d-7c46-31f4-bcc5-cf4b16acdf06
Spectator Name: bzym2
Taken         : [GOLD_INGOT x 12]
Given         : []
Target        : 5291
[2025-07-10 17:14:21] [INFO]:
Spectator UUID: ab47288d-7c46-31f4-bcc5-cf4b16acdf06
Spectator Name: bzym2
Taken         : [GOLD_INGOT x 37]
Given         : []
Target        : Steve_Official
